# JRE version: OpenJDK Runtime Environment Temurin-17.0.4.1+1 (17.0.4.1+1) (build 17.0.4.1+1)
# Java VM: OpenJDK 64-Bit Server VM Temurin-17.0.4.1+1 (17.0.4.1+1, mixed mode, tiered, compressed oops, compressed class ptrs, g1 gc, windows-amd64)
GC Precious Log:
 CPUs: 4 total, 4 available
 Memory: 8123M
 Large Page Support: Disabled
 NUMA Support: Disabled
 Compressed Oops: Enabled (32-bit)
 Heap Region Size: 1M
 Heap Min Capacity: 8M
 Heap Initial Capacity: 128M
 Heap Max Capacity: 2032M
 Pre-touch: Disabled
 Parallel Workers: 4
 Concurrent Workers: 1
 Concurrent Refinement Workers: 4
 Periodic GC: Disabled
Heap:
 garbage-first heap   total 592896K, used 361358K [0x0000000081000000, 0x0000000100000000)
  region size 1024K, 6 young (6144K), 4 survivors (4096K)
 Metaspace       used 34064K, committed 34432K, reserved 1081344K
  class space    used 4109K, committed 4288K, reserved 1048576K
GC Heap History (20 events):
Event: 13.950 GC heap before
{Heap before GC invocations=22 (full 0):
 garbage-first heap   total 312320K, used 192335K [0x0000000081000000, 0x0000000100000000)
  region size 1024K, 10 young (10240K), 2 survivors (2048K)
 Metaspace       used 32880K, committed 33216K, reserved 1081344K
  class space    used 4040K, committed 4224K, reserved 1048576K
}
Event: 13.955 GC heap after
{Heap after GC invocations=23 (full 0):
 garbage-first heap   total 312320K, used 185861K [0x0000000081000000, 0x0000000100000000)
  region size 1024K, 3 young (3072K), 3 survivors (3072K)
 Metaspace       used 32880K, committed 33216K, reserved 1081344K
  class space    used 4040K, committed 4224K, reserved 1048576K
}
Event: 20.332 GC heap before
{Heap before GC invocations=24 (full 0):
 garbage-first heap   total 319488K, used 199173K [0x0000000081000000, 0x0000000100000000)
  region size 1024K, 14 young (14336K), 3 survivors (3072K)
 Metaspace       used 33663K, committed 33984K, reserved 1081344K
  class space    used 4107K, committed 4288K, reserved 1048576K
}
Event: 20.336 GC heap after
{Heap after GC invocations=25 (full 0):
 garbage-first heap   total 319488K, used 186325K [0x0000000081000000, 0x0000000100000000)
  region size 1024K, 3 young (3072K), 3 survivors (3072K)
 Metaspace       used 33663K, committed 33984K, reserved 1081344K
  class space    used 4107K, committed 4288K, reserved 1048576K
}
Event: 20.403 GC heap before
{Heap before GC invocations=26 (full 0):
 garbage-first heap   total 319488K, used 192469K [0x0000000081000000, 0x0000000100000000)
  region size 1024K, 4 young (4096K), 3 survivors (3072K)
 Metaspace       used 33672K, committed 33984K, reserved 1081344K
  class space    used 4107K, committed 4288K, reserved 1048576K
}
Event: 20.408 GC heap after
{Heap after GC invocations=27 (full 0):
 garbage-first heap   total 319488K, used 192424K [0x0000000081000000, 0x0000000100000000)
  region size 1024K, 3 young (3072K), 3 survivors (3072K)
 Metaspace       used 33672K, committed 33984K, reserved 1081344K
  class space    used 4107K, committed 4288K, reserved 1048576K
}
Event: 20.678 GC heap before
{Heap before GC invocations=28 (full 0):
 garbage-first heap   total 382976K, used 228264K [0x0000000081000000, 0x0000000100000000)
  region size 1024K, 4 young (4096K), 3 survivors (3072K)
 Metaspace       used 33679K, committed 33984K, reserved 1081344K
  class space    used 4107K, committed 4288K, reserved 1048576K
}
Event: 20.683 GC heap after
{Heap after GC invocations=29 (full 0):
 garbage-first heap   total 382976K, used 228302K [0x0000000081000000, 0x0000000100000000)
  region size 1024K, 3 young (3072K), 3 survivors (3072K)
 Metaspace       used 33679K, committed 33984K, reserved 1081344K
  class space    used 4107K, committed 4288K, reserved 1048576K
}
Event: 20.979 GC heap before
{Heap before GC invocations=30 (full 0):
 garbage-first heap   total 393216K, used 233422K [0x0000000081000000, 0x0000000100000000)
  region size 1024K, 4 young (4096K), 3 survivors (3072K)
 Metaspace       used 33704K, committed 34048K, reserved 1081344K
  class space    used 4107K, committed 4288K, reserved 1048576K
}
Event: 20.983 GC heap after
{Heap after GC invocations=31 (full 0):
 garbage-first heap   total 393216K, used 233748K [0x0000000081000000, 0x0000000100000000)
  region size 1024K, 4 young (4096K), 4 survivors (4096K)
 Metaspace       used 33704K, committed 34048K, reserved 1081344K
  class space    used 4107K, committed 4288K, reserved 1048576K
}
Event: 21.286 GC heap before
{Heap before GC invocations=32 (full 0):
 garbage-first heap   total 516096K, used 307476K [0x0000000081000000, 0x0000000100000000)
  region size 1024K, 5 young (5120K), 4 survivors (4096K)
 Metaspace       used 33716K, committed 34048K, reserved 1081344K
  class space    used 4107K, committed 4288K, reserved 1048576K
}
Event: 21.291 GC heap after
{Heap after GC invocations=33 (full 0):
 garbage-first heap   total 516096K, used 307157K [0x0000000081000000, 0x0000000100000000)
  region size 1024K, 3 young (3072K), 3 survivors (3072K)
 Metaspace       used 33716K, committed 34048K, reserved 1081344K
  class space    used 4107K, committed 4288K, reserved 1048576K
}
Event: 21.552 GC heap before
{Heap before GC invocations=34 (full 0):
 garbage-first heap   total 575488K, used 342997K [0x0000000081000000, 0x0000000100000000)
  region size 1024K, 4 young (4096K), 3 survivors (3072K)
 Metaspace       used 33724K, committed 34048K, reserved 1081344K
  class space    used 4107K, committed 4288K, reserved 1048576K
}
Event: 21.557 GC heap after
{Heap after GC invocations=35 (full 0):
 garbage-first heap   total 575488K, used 343316K [0x0000000081000000, 0x0000000100000000)
  region size 1024K, 4 young (4096K), 4 survivors (4096K)
 Metaspace       used 33724K, committed 34048K, reserved 1081344K
  class space    used 4107K, committed 4288K, reserved 1048576K
}
Event: 21.630 GC heap before
{Heap before GC invocations=36 (full 0):
 garbage-first heap   total 585728K, used 348436K [0x0000000081000000, 0x0000000100000000)
  region size 1024K, 5 young (5120K), 4 survivors (4096K)
 Metaspace       used 33737K, committed 34048K, reserved 1081344K
  class space    used 4107K, committed 4288K, reserved 1048576K
}
Event: 21.634 GC heap after
{Heap after GC invocations=37 (full 0):
 garbage-first heap   total 585728K, used 348582K [0x0000000081000000, 0x0000000100000000)
  region size 1024K, 4 young (4096K), 4 survivors (4096K)
 Metaspace       used 33737K, committed 34048K, reserved 1081344K
  class space    used 4107K, committed 4288K, reserved 1048576K
}
Event: 21.680 GC heap before
{Heap before GC invocations=38 (full 0):
 garbage-first heap   total 590848K, used 351654K [0x0000000081000000, 0x0000000100000000)
  region size 1024K, 5 young (5120K), 4 survivors (4096K)
 Metaspace       used 33740K, committed 34048K, reserved 1081344K
  class space    used 4107K, committed 4288K, reserved 1048576K
}
Event: 21.684 GC heap after
{Heap after GC invocations=39 (full 0):
 garbage-first heap   total 590848K, used 351249K [0x0000000081000000, 0x0000000100000000)
  region size 1024K, 3 young (3072K), 3 survivors (3072K)
 Metaspace       used 33740K, committed 34048K, reserved 1081344K
  class space    used 4107K, committed 4288K, reserved 1048576K
}
Event: 28.708 GC heap before
{Heap before GC invocations=40 (full 0):
 garbage-first heap   total 592896K, used 362513K [0x0000000081000000, 0x0000000100000000)
  region size 1024K, 9 young (9216K), 3 survivors (3072K)
 Metaspace       used 34064K, committed 34432K, reserved 1081344K
  class space    used 4109K, committed 4288K, reserved 1048576K
}
Event: 28.720 GC heap after
{Heap after GC invocations=41 (full 0):
 garbage-first heap   total 592896K, used 359310K [0x0000000081000000, 0x0000000100000000)
  region size 1024K, 4 young (4096K), 4 survivors (4096K)
 Metaspace       used 34064K, committed 34432K, reserved 1081344K
  class space    used 4109K, committed 4288K, reserved 1048576K
}

